WARN	2025-09-04T17:35:28,186	249	myapps.RebalanceExperiments	[main]	This is a test
INFO	2025-09-04T17:35:28,211	274	org.apache.kafka.common.telemetry.internals.KafkaMetricsCollector	[main]	initializing Kafka metrics collector
INFO	2025-09-04T17:35:28,219	282	org.apache.kafka.clients.producer.KafkaProducer	[main]	[Producer clientId=ccloud-java-client] Instantiated an idempotent producer.
INFO	2025-09-04T17:35:28,393	456	org.apache.kafka.common.security.authenticator.AbstractLogin	[main]	Successfully logged in.
INFO	2025-09-04T17:35:28,444	507	org.apache.kafka.common.config.AbstractConfig	[main]	These configurations '[session.timeout.ms]' were supplied but are not used yet.
INFO	2025-09-04T17:35:28,445	508	org.apache.kafka.common.utils.AppInfoParser	[main]	Kafka version: 4.0.0
INFO	2025-09-04T17:35:28,445	508	org.apache.kafka.common.utils.AppInfoParser	[main]	Kafka commitId: 985bc99521dd22bb
INFO	2025-09-04T17:35:28,445	508	org.apache.kafka.common.utils.AppInfoParser	[main]	Kafka startTimeMs: 1757021728444
INFO	2025-09-04T17:35:28,453	516	org.apache.kafka.common.telemetry.internals.KafkaMetricsCollector	[main]	initializing Kafka metrics collector
INFO	2025-09-04T17:35:28,475	538	org.apache.kafka.common.config.AbstractConfig	[main]	These configurations '[acks, key.serializer, value.serializer]' were supplied but are not used yet.
INFO	2025-09-04T17:35:28,475	538	org.apache.kafka.common.utils.AppInfoParser	[main]	Kafka version: 4.0.0
INFO	2025-09-04T17:35:28,475	538	org.apache.kafka.common.utils.AppInfoParser	[main]	Kafka commitId: 985bc99521dd22bb
INFO	2025-09-04T17:35:28,475	538	org.apache.kafka.common.utils.AppInfoParser	[main]	Kafka startTimeMs: 1757021728475
INFO	2025-09-04T17:35:28,476	539	org.apache.kafka.clients.consumer.internals.ClassicKafkaConsumer	[main]	[Consumer clientId=ccloud-java-client, groupId=java-group-1] Subscribed to topic(s): rebalance_experiments
INFO	2025-09-04T17:35:29,649	1712	org.apache.kafka.clients.Metadata	[kafka-producer-network-thread | ccloud-java-client]	[Producer clientId=ccloud-java-client] Cluster ID: lkc-devc2zm25o
INFO	2025-09-04T17:35:29,649	1712	org.apache.kafka.clients.Metadata	[Thread-2]	[Consumer clientId=ccloud-java-client, groupId=java-group-1] Cluster ID: lkc-devc2zm25o
INFO	2025-09-04T17:35:29,649	1712	org.apache.kafka.clients.producer.internals.TransactionManager	[kafka-producer-network-thread | ccloud-java-client]	[Producer clientId=ccloud-java-client] ProducerId set to 2307183 with epoch 0
INFO	2025-09-04T17:35:29,650	1713	org.apache.kafka.common.telemetry.internals.ClientTelemetryReporter	[kafka-producer-network-thread | ccloud-java-client]	Client telemetry registered with client instance id: UITnQ55XQ--CnfS7eGPVRw
INFO	2025-09-04T17:35:29,652	1715	org.apache.kafka.clients.consumer.internals.ConsumerCoordinator	[Thread-2]	[Consumer clientId=ccloud-java-client, groupId=java-group-1] Discovered group coordinator b0-pkc-devcw59ry9.centralus.azure.devel.cpdev.cloud:9092 (id: 2147483647 rack: null isFenced: false)
INFO	2025-09-04T17:35:29,800	1863	org.apache.kafka.common.telemetry.internals.ClientTelemetryReporter	[Thread-2]	Client telemetry registered with client instance id: qVnghSSCQJenya2lYpaT3g
INFO	2025-09-04T17:35:29,800	1863	org.apache.kafka.clients.consumer.internals.ConsumerCoordinator	[Thread-2]	[Consumer clientId=ccloud-java-client, groupId=java-group-1] (Re-)joining group
INFO	2025-09-04T17:35:30,836	2899	org.apache.kafka.clients.consumer.internals.ConsumerCoordinator	[Thread-2]	[Consumer clientId=ccloud-java-client, groupId=java-group-1] Request joining group due to: need to re-join with the given member-id: ccloud-java-client-a61988ea-0a25-4afe-b444-2187a2a37415
INFO	2025-09-04T17:35:30,836	2899	org.apache.kafka.clients.consumer.internals.ConsumerCoordinator	[Thread-2]	[Consumer clientId=ccloud-java-client, groupId=java-group-1] (Re-)joining group
INFO	2025-09-04T17:35:30,957	3020	org.apache.kafka.clients.consumer.internals.ConsumerCoordinator	[Thread-2]	[Consumer clientId=ccloud-java-client, groupId=java-group-1] Successfully joined group with generation Generation{generationId=92, memberId='ccloud-java-client-a61988ea-0a25-4afe-b444-2187a2a37415', protocol='range'}
INFO	2025-09-04T17:35:30,960	3023	org.apache.kafka.clients.consumer.internals.ConsumerCoordinator	[Thread-2]	[Consumer clientId=ccloud-java-client, groupId=java-group-1] Finished assignment for group at generation 92: {ccloud-java-client-a61988ea-0a25-4afe-b444-2187a2a37415=Assignment(partitions=[rebalance_experiments-0, rebalance_experiments-1, rebalance_experiments-2, rebalance_experiments-3, rebalance_experiments-4, rebalance_experiments-5])}
INFO	2025-09-04T17:35:31,082	3145	org.apache.kafka.clients.consumer.internals.ConsumerCoordinator	[Thread-2]	[Consumer clientId=ccloud-java-client, groupId=java-group-1] Successfully synced group in generation Generation{generationId=92, memberId='ccloud-java-client-a61988ea-0a25-4afe-b444-2187a2a37415', protocol='range'}
INFO	2025-09-04T17:35:31,082	3145	org.apache.kafka.clients.consumer.internals.ConsumerCoordinator	[Thread-2]	[Consumer clientId=ccloud-java-client, groupId=java-group-1] Notifying assignor about the new Assignment(partitions=[rebalance_experiments-0, rebalance_experiments-1, rebalance_experiments-2, rebalance_experiments-3, rebalance_experiments-4, rebalance_experiments-5])
INFO	2025-09-04T17:35:31,083	3146	org.apache.kafka.clients.consumer.internals.ConsumerRebalanceListenerInvoker	[Thread-2]	[Consumer clientId=ccloud-java-client, groupId=java-group-1] Adding newly assigned partitions: rebalance_experiments-0, rebalance_experiments-1, rebalance_experiments-2, rebalance_experiments-3, rebalance_experiments-4, rebalance_experiments-5
INFO	2025-09-04T17:35:31,207	3270	org.apache.kafka.clients.consumer.internals.ConsumerUtils	[Thread-2]	Setting offset for partition rebalance_experiments-0 to the committed offset FetchPosition{offset=158, offsetEpoch=Optional[0], currentLeader=LeaderAndEpoch{leader=Optional[b14-pkc-devcw59ry9.centralus.azure.devel.cpdev.cloud:9092 (id: 14 rack: 2 isFenced: false)], epoch=0}}
INFO	2025-09-04T17:35:31,207	3270	org.apache.kafka.clients.consumer.internals.ConsumerUtils	[Thread-2]	Setting offset for partition rebalance_experiments-1 to the committed offset FetchPosition{offset=0, offsetEpoch=Optional.empty, currentLeader=LeaderAndEpoch{leader=Optional[b6-pkc-devcw59ry9.centralus.azure.devel.cpdev.cloud:9092 (id: 6 rack: 0 isFenced: false)], epoch=0}}
INFO	2025-09-04T17:35:31,207	3270	org.apache.kafka.clients.consumer.internals.ConsumerUtils	[Thread-2]	Setting offset for partition rebalance_experiments-4 to the committed offset FetchPosition{offset=0, offsetEpoch=Optional.empty, currentLeader=LeaderAndEpoch{leader=Optional[b12-pkc-devcw59ry9.centralus.azure.devel.cpdev.cloud:9092 (id: 12 rack: 0 isFenced: false)], epoch=0}}
INFO	2025-09-04T17:35:31,207	3270	org.apache.kafka.clients.consumer.internals.ConsumerUtils	[Thread-2]	Setting offset for partition rebalance_experiments-5 to the committed offset FetchPosition{offset=0, offsetEpoch=Optional.empty, currentLeader=LeaderAndEpoch{leader=Optional[b10-pkc-devcw59ry9.centralus.azure.devel.cpdev.cloud:9092 (id: 10 rack: 1 isFenced: false)], epoch=0}}
INFO	2025-09-04T17:35:31,208	3271	org.apache.kafka.clients.consumer.internals.ConsumerUtils	[Thread-2]	Setting offset for partition rebalance_experiments-2 to the committed offset FetchPosition{offset=0, offsetEpoch=Optional.empty, currentLeader=LeaderAndEpoch{leader=Optional[b4-pkc-devcw59ry9.centralus.azure.devel.cpdev.cloud:9092 (id: 4 rack: 1 isFenced: false)], epoch=0}}
INFO	2025-09-04T17:35:31,208	3271	org.apache.kafka.clients.consumer.internals.ConsumerUtils	[Thread-2]	Setting offset for partition rebalance_experiments-3 to the committed offset FetchPosition{offset=0, offsetEpoch=Optional.empty, currentLeader=LeaderAndEpoch{leader=Optional[b2-pkc-devcw59ry9.centralus.azure.devel.cpdev.cloud:9092 (id: 2 rack: 2 isFenced: false)], epoch=0}}
WARN	2025-09-04T17:35:38,476	10539	myapps.RebalanceExperiments	[main]	Starting new consumer to see the effect of a rebalance
INFO	2025-09-04T17:35:38,477	10540	org.apache.kafka.common.telemetry.internals.KafkaMetricsCollector	[main]	initializing Kafka metrics collector
INFO	2025-09-04T17:35:38,481	10544	org.apache.kafka.common.config.AbstractConfig	[main]	These configurations '[acks, key.serializer, value.serializer]' were supplied but are not used yet.
INFO	2025-09-04T17:35:38,481	10544	org.apache.kafka.common.utils.AppInfoParser	[main]	The mbean of App info: [kafka.consumer], id: [ccloud-java-client] already exists, so skipping a new mbean creation.
INFO	2025-09-04T17:35:38,481	10544	org.apache.kafka.clients.consumer.internals.ClassicKafkaConsumer	[main]	[Consumer clientId=ccloud-java-client, groupId=java-group-1] Subscribed to topic(s): rebalance_experiments
INFO	2025-09-04T17:35:39,503	11566	org.apache.kafka.clients.Metadata	[Thread-4]	[Consumer clientId=ccloud-java-client, groupId=java-group-1] Cluster ID: lkc-devc2zm25o
INFO	2025-09-04T17:35:39,503	11566	org.apache.kafka.clients.consumer.internals.ConsumerCoordinator	[Thread-4]	[Consumer clientId=ccloud-java-client, groupId=java-group-1] Discovered group coordinator b0-pkc-devcw59ry9.centralus.azure.devel.cpdev.cloud:9092 (id: 2147483647 rack: null isFenced: false)
INFO	2025-09-04T17:35:39,504	11567	org.apache.kafka.common.telemetry.internals.ClientTelemetryReporter	[Thread-4]	Client telemetry registered with client instance id: JzXaC23BTvmdTx7vTPU-Gw
INFO	2025-09-04T17:35:39,504	11567	org.apache.kafka.clients.consumer.internals.ConsumerCoordinator	[Thread-4]	[Consumer clientId=ccloud-java-client, groupId=java-group-1] (Re-)joining group
INFO	2025-09-04T17:35:40,464	12527	org.apache.kafka.clients.consumer.internals.ConsumerCoordinator	[Thread-4]	[Consumer clientId=ccloud-java-client, groupId=java-group-1] Request joining group due to: need to re-join with the given member-id: ccloud-java-client-c2cadff8-0496-422b-a7c9-bb3b8efd6ffd
INFO	2025-09-04T17:35:40,464	12527	org.apache.kafka.clients.consumer.internals.ConsumerCoordinator	[Thread-4]	[Consumer clientId=ccloud-java-client, groupId=java-group-1] (Re-)joining group
INFO	2025-09-04T17:35:43,079	15142	org.apache.kafka.clients.consumer.internals.ConsumerCoordinator	[Thread-2]	[Consumer clientId=ccloud-java-client, groupId=java-group-1] Request joining group due to: group is already rebalancing
INFO	2025-09-04T17:35:43,203	15266	org.apache.kafka.clients.consumer.internals.ConsumerRebalanceListenerInvoker	[Thread-2]	[Consumer clientId=ccloud-java-client, groupId=java-group-1] Revoke previously assigned partitions rebalance_experiments-0, rebalance_experiments-1, rebalance_experiments-2, rebalance_experiments-3, rebalance_experiments-4, rebalance_experiments-5
INFO	2025-09-04T17:35:43,203	15266	org.apache.kafka.clients.consumer.internals.ConsumerCoordinator	[Thread-2]	[Consumer clientId=ccloud-java-client, groupId=java-group-1] (Re-)joining group
INFO	2025-09-04T17:35:43,322	15385	org.apache.kafka.clients.consumer.internals.ConsumerCoordinator	[Thread-2]	[Consumer clientId=ccloud-java-client, groupId=java-group-1] Successfully joined group with generation Generation{generationId=93, memberId='ccloud-java-client-a61988ea-0a25-4afe-b444-2187a2a37415', protocol='range'}
INFO	2025-09-04T17:35:43,322	15385	org.apache.kafka.clients.consumer.internals.ConsumerCoordinator	[Thread-4]	[Consumer clientId=ccloud-java-client, groupId=java-group-1] Successfully joined group with generation Generation{generationId=93, memberId='ccloud-java-client-c2cadff8-0496-422b-a7c9-bb3b8efd6ffd', protocol='range'}
INFO	2025-09-04T17:35:43,323	15386	org.apache.kafka.clients.consumer.internals.ConsumerCoordinator	[Thread-2]	[Consumer clientId=ccloud-java-client, groupId=java-group-1] Finished assignment for group at generation 93: {ccloud-java-client-c2cadff8-0496-422b-a7c9-bb3b8efd6ffd=Assignment(partitions=[rebalance_experiments-3, rebalance_experiments-4, rebalance_experiments-5]), ccloud-java-client-a61988ea-0a25-4afe-b444-2187a2a37415=Assignment(partitions=[rebalance_experiments-0, rebalance_experiments-1, rebalance_experiments-2])}
INFO	2025-09-04T17:35:43,443	15506	org.apache.kafka.clients.consumer.internals.ConsumerCoordinator	[Thread-2]	[Consumer clientId=ccloud-java-client, groupId=java-group-1] Successfully synced group in generation Generation{generationId=93, memberId='ccloud-java-client-a61988ea-0a25-4afe-b444-2187a2a37415', protocol='range'}
INFO	2025-09-04T17:35:43,443	15506	org.apache.kafka.clients.consumer.internals.ConsumerCoordinator	[Thread-4]	[Consumer clientId=ccloud-java-client, groupId=java-group-1] Successfully synced group in generation Generation{generationId=93, memberId='ccloud-java-client-c2cadff8-0496-422b-a7c9-bb3b8efd6ffd', protocol='range'}
INFO	2025-09-04T17:35:43,443	15506	org.apache.kafka.clients.consumer.internals.ConsumerCoordinator	[Thread-4]	[Consumer clientId=ccloud-java-client, groupId=java-group-1] Notifying assignor about the new Assignment(partitions=[rebalance_experiments-3, rebalance_experiments-4, rebalance_experiments-5])
INFO	2025-09-04T17:35:43,443	15506	org.apache.kafka.clients.consumer.internals.ConsumerCoordinator	[Thread-2]	[Consumer clientId=ccloud-java-client, groupId=java-group-1] Notifying assignor about the new Assignment(partitions=[rebalance_experiments-0, rebalance_experiments-1, rebalance_experiments-2])
INFO	2025-09-04T17:35:43,443	15506	org.apache.kafka.clients.consumer.internals.ConsumerRebalanceListenerInvoker	[Thread-4]	[Consumer clientId=ccloud-java-client, groupId=java-group-1] Adding newly assigned partitions: rebalance_experiments-3, rebalance_experiments-4, rebalance_experiments-5
INFO	2025-09-04T17:35:43,444	15507	org.apache.kafka.clients.consumer.internals.ConsumerRebalanceListenerInvoker	[Thread-2]	[Consumer clientId=ccloud-java-client, groupId=java-group-1] Adding newly assigned partitions: rebalance_experiments-0, rebalance_experiments-1, rebalance_experiments-2
INFO	2025-09-04T17:35:43,562	15625	org.apache.kafka.clients.consumer.internals.ConsumerUtils	[Thread-4]	Setting offset for partition rebalance_experiments-4 to the committed offset FetchPosition{offset=0, offsetEpoch=Optional.empty, currentLeader=LeaderAndEpoch{leader=Optional[b12-pkc-devcw59ry9.centralus.azure.devel.cpdev.cloud:9092 (id: 12 rack: 0 isFenced: false)], epoch=0}}
INFO	2025-09-04T17:35:43,562	15625	org.apache.kafka.clients.consumer.internals.ConsumerUtils	[Thread-4]	Setting offset for partition rebalance_experiments-5 to the committed offset FetchPosition{offset=0, offsetEpoch=Optional.empty, currentLeader=LeaderAndEpoch{leader=Optional[b10-pkc-devcw59ry9.centralus.azure.devel.cpdev.cloud:9092 (id: 10 rack: 1 isFenced: false)], epoch=0}}
INFO	2025-09-04T17:35:43,562	15625	org.apache.kafka.clients.consumer.internals.ConsumerUtils	[Thread-4]	Setting offset for partition rebalance_experiments-3 to the committed offset FetchPosition{offset=0, offsetEpoch=Optional.empty, currentLeader=LeaderAndEpoch{leader=Optional[b2-pkc-devcw59ry9.centralus.azure.devel.cpdev.cloud:9092 (id: 2 rack: 2 isFenced: false)], epoch=0}}
INFO	2025-09-04T17:35:43,564	15627	org.apache.kafka.clients.consumer.internals.ConsumerUtils	[Thread-2]	Setting offset for partition rebalance_experiments-0 to the committed offset FetchPosition{offset=180, offsetEpoch=Optional[0], currentLeader=LeaderAndEpoch{leader=Optional[b14-pkc-devcw59ry9.centralus.azure.devel.cpdev.cloud:9092 (id: 14 rack: 2 isFenced: false)], epoch=0}}
INFO	2025-09-04T17:35:43,564	15627	org.apache.kafka.clients.consumer.internals.ConsumerUtils	[Thread-2]	Setting offset for partition rebalance_experiments-1 to the committed offset FetchPosition{offset=0, offsetEpoch=Optional.empty, currentLeader=LeaderAndEpoch{leader=Optional[b6-pkc-devcw59ry9.centralus.azure.devel.cpdev.cloud:9092 (id: 6 rack: 0 isFenced: false)], epoch=0}}
INFO	2025-09-04T17:35:43,564	15627	org.apache.kafka.clients.consumer.internals.ConsumerUtils	[Thread-2]	Setting offset for partition rebalance_experiments-2 to the committed offset FetchPosition{offset=0, offsetEpoch=Optional.empty, currentLeader=LeaderAndEpoch{leader=Optional[b4-pkc-devcw59ry9.centralus.azure.devel.cpdev.cloud:9092 (id: 4 rack: 1 isFenced: false)], epoch=0}}
INFO	2025-09-04T17:35:47,837	19900	org.apache.kafka.clients.producer.KafkaProducer	[Thread-1]	[Producer clientId=ccloud-java-client] Closing the Kafka producer with timeoutMillis = 9223372036854775807 ms.
